<?xml version="1.0" encoding="UTF-8"?>
<testng-results ignored="0" total="1" passed="1" failed="0" skipped="0">
  <reporter-output>
  </reporter-output>
  <suite started-at="2023-10-06T10:28:31 IST" name="Default suite" finished-at="2023-10-06T10:28:41 IST" duration-ms="9689">
    <groups>
    </groups>
    <test started-at="2023-10-06T10:28:31 IST" name="Default test" finished-at="2023-10-06T10:28:41 IST" duration-ms="9689">
      <class name="com.DemoProject.TestScripts.RegisterTest">
        <test-method is-config="true" signature="configBC()[pri:0, instance:com.DemoProject.TestScripts.RegisterTest@4d1c00d0]" started-at="2023-10-06T10:28:31 IST" name="configBC" finished-at="2023-10-06T10:28:39 IST" duration-ms="7951" status="PASS">
          <reporter-output>
          </reporter-output>
        </test-method> <!-- configBC -->
        <test-method signature="RegisterintoApplication()[pri:0, instance:com.DemoProject.TestScripts.RegisterTest@4d1c00d0]" started-at="2023-10-06T10:28:39 IST" name="RegisterintoApplication" finished-at="2023-10-06T10:28:40 IST" duration-ms="1488" status="PASS">
          <reporter-output>
          </reporter-output>
        </test-method> <!-- RegisterintoApplication -->
        <test-method is-config="true" signature="configAC()[pri:0, instance:com.DemoProject.TestScripts.RegisterTest@4d1c00d0]" started-at="2023-10-06T10:28:40 IST" name="configAC" finished-at="2023-10-06T10:28:41 IST" duration-ms="185" status="PASS">
          <reporter-output>
          </reporter-output>
        </test-method> <!-- configAC -->
      </class> <!-- com.DemoProject.TestScripts.RegisterTest -->
    </test> <!-- Default test -->
  </suite> <!-- Default suite -->
</testng-results>
